
Compile file:
C:\Program Files\MRE SDK v1.0\lib\src\vmmain.c
w:\AnserCygnoides\YouKu\Source\AnserCygnoides\AnserCygnoides.c
w:\AnserCygnoides\YouKu\Source\AnserCygnoides\business.c
"W:\AnserCygnoides\YouKu\Source\AnserCygnoides\..\PageLayer\page.h", line 16: Warning: C2215W: Deprecated declaration page_switch_controller_new() - give arg types
"W:\AnserCygnoides\YouKu\Source\AnserCygnoides\..\WidgetLayer\hwidget.h", line 57: Warning: C2220W: Superfluous ',' in 'enum' declaration
<<<<<<< HEAD
"W:\AnserCygnoides\YouKu\Source\AnserCygnoides\..\WidgetLayer\..\Common\herrorcode.h", line 30: Warning: C2220W: Superfluous ',' in 'enum' declaration
"W:\AnserCygnoides\YouKu\Source\AnserCygnoides\..\WidgetLayer\..\Common\hlist.h", line 53: Warning: C2215W: Deprecated declaration hlist_new() - give arg types
"W:\AnserCygnoides\YouKu\Source\AnserCygnoides\..\WidgetLayer\hcontainer.h", line 21: Warning: C2215W: Deprecated declaration hcontainer_new() - give arg types
"W:\AnserCygnoides\YouKu\Source\AnserCygnoides\..\WidgetLayer\hplane.h", line 18: Warning: C2215W: Deprecated declaration hplane_new() - give arg types
"w:\AnserCygnoides\YouKu\Source\AnserCygnoides\MainPage.h", line 27: Warning: C2215W: Deprecated declaration MainPage_new() - give arg types
"w:\AnserCygnoides\YouKu\Source\AnserCygnoides\MainPage.h", line 28: Warning: C2215W: Deprecated declaration MainPage_delete() - give arg types
=======
>>>>>>> f80d0d445eaf66846a228a82d7a9c713794052cc
"w:\AnserCygnoides\YouKu\Source\AnserCygnoides\connectpage.h", line 32: Warning: C2215W: Deprecated declaration ConnectPage_new() - give arg types
"w:\AnserCygnoides\YouKu\Source\AnserCygnoides\connectpage.h", line 33: Warning: C2215W: Deprecated declaration ConnectPage_delete() - give arg types
"w:\AnserCygnoides\YouKu\Source\AnserCygnoides\business.c", line 18: Error: C2225W: declaration lacks type/storage-class (assuming 'int'): 'PromptPage'
"w:\AnserCygnoides\YouKu\Source\AnserCygnoides\business.c", line 18: Error: C2285E: expected ';' or ',' - inserted ';' before '*'
"w:\AnserCygnoides\YouKu\Source\AnserCygnoides\business.c", line 18: Error: C2225W: declaration lacks type/storage-class (assuming 'int'): 'p_promptpage'
<<<<<<< HEAD
"w:\AnserCygnoides\YouKu\Source\AnserCygnoides\business.c", line 32: Warning: C2207W: inventing 'extern int PromptPage_new();'
"w:\AnserCygnoides\YouKu\Source\AnserCygnoides\business.c", line 32: Error: C3029E: '=': implicit cast of non-0 int to pointer
w:\AnserCygnoides\YouKu\Source\AnserCygnoides\business.c: 11 warnings, 4 errors, 0 serious errors

w:\AnserCygnoides\YouKu\Source\AnserCygnoides\mainpage.c
w:\AnserCygnoides\YouKu\Source\AnserCygnoides\user.c
=======
"w:\AnserCygnoides\YouKu\Source\AnserCygnoides\business.c", line 28: Warning: C2207W: inventing 'extern int MainPage_new();'
"w:\AnserCygnoides\YouKu\Source\AnserCygnoides\business.c", line 28: Error: C3029E: '=': implicit cast of non-0 int to pointer
"w:\AnserCygnoides\YouKu\Source\AnserCygnoides\business.c", line 32: Warning: C2207W: inventing 'extern int PromptPage_new();'
"w:\AnserCygnoides\YouKu\Source\AnserCygnoides\business.c", line 32: Error: C3029E: '=': implicit cast of non-0 int to pointer
w:\AnserCygnoides\YouKu\Source\AnserCygnoides\business.c: 6 warnings, 5 errors, 0 serious errors

w:\AixGalericulata\KaiXin\AppFramework\Source\AppFramework\user.c
"W:\AnserCygnoides\YouKu\Source\AnserCygnoides\..\WidgetLayer\hwidget.h", line 57: Warning: C2220W: Superfluous ',' in 'enum' declaration
"W:\AnserCygnoides\YouKu\Source\AnserCygnoides\..\WindowLayer\..\WidgetLayer\..\Common\herrorcode.h", line 30: Warning: C2220W: Superfluous ',' in 'enum' declaration
"W:\AnserCygnoides\YouKu\Source\AnserCygnoides\..\WindowLayer\..\WidgetLayer\..\Common\hlist.h", line 53: Warning: C2215W: Deprecated declaration hlist_new() - give arg types
"W:\AnserCygnoides\YouKu\Source\AnserCygnoides\..\WindowLayer\..\WidgetLayer\hcontainer.h", line 21: Warning: C2215W: Deprecated declaration hcontainer_new() - give arg types
"W:\AnserCygnoides\YouKu\Source\AnserCygnoides\..\WindowLayer\..\WidgetLayer\hplane.h", line 18: Warning: C2215W: Deprecated declaration hplane_new() - give arg types
"W:\AnserCygnoides\YouKu\Source\AnserCygnoides\..\WindowLayer\..\PageLayer\page.h", line 16: Warning: C2215W: Deprecated declaration page_switch_controller_new() - give arg types
"W:\AnserCygnoides\YouKu\Source\AnserCygnoides\..\WindowLayer\hwindow.h", line 20: Warning: C2215W: Deprecated declaration hwindow_init() - give arg types
"w:\AixGalericulata\KaiXin\AppFramework\Source\AppFramework\user.c", line 9: Error: C3028E: <argument 2 to function call>: implicit cast of pointer to non-equal pointer
w:\AixGalericulata\KaiXin\AppFramework\Source\AppFramework\user.c: 7 warnings, 1 error, 0 serious errors

>>>>>>> f80d0d445eaf66846a228a82d7a9c713794052cc
w:\AnserCygnoides\YouKu\Source\Common\herrorcode.c
w:\AnserCygnoides\YouKu\Source\Common\hlist.c
w:\AnserCygnoides\YouKu\Source\PageLayer\page.c
w:\AnserCygnoides\YouKu\Source\WidgetLayer\hcheckbox.c
"w:\AnserCygnoides\YouKu\Source\WidgetLayer\hwidget.h", line 57: Warning: C2220W: Superfluous ',' in 'enum' declaration
<<<<<<< HEAD
"w:\AnserCygnoides\YouKu\Source\WidgetLayer\hcheckbox.c", line 280: Error: C3028E: '=': implicit cast of pointer to non-equal pointer
"w:\AnserCygnoides\YouKu\Source\WidgetLayer\hcheckbox.c", line 346: Warning: C2871W: static 'widget_destroy' declared but not used
=======
"w:\AnserCygnoides\YouKu\Source\WidgetLayer\hcheckbox.c", line 279: Error: C3028E: '=': implicit cast of pointer to non-equal pointer
"w:\AnserCygnoides\YouKu\Source\WidgetLayer\hcheckbox.c", line 345: Warning: C2871W: static 'widget_destroy' declared but not used
>>>>>>> f80d0d445eaf66846a228a82d7a9c713794052cc
w:\AnserCygnoides\YouKu\Source\WidgetLayer\hcheckbox.c: 2 warnings, 1 error, 0 serious errors

w:\AnserCygnoides\YouKu\Source\WidgetLayer\hcontainer.c
w:\AnserCygnoides\YouKu\Source\WidgetLayer\himage.c
w:\AnserCygnoides\YouKu\Source\WidgetLayer\hlabel.c
"w:\AnserCygnoides\YouKu\Source\WidgetLayer\HWidget.h", line 57: Warning: C2220W: Superfluous ',' in 'enum' declaration
"w:\AnserCygnoides\YouKu\Source\WidgetLayer\HLabel.h", line 88: Warning: C2215W: Deprecated declaration hlabel_new() - give arg types
"w:\AnserCygnoides\YouKu\Source\WidgetLayer\hlabel.c", line 194: Error: C2906E: <argument 2 to function call>: implicit cast of pointer loses 'const' qualifier
"w:\AnserCygnoides\YouKu\Source\WidgetLayer\hlabel.c", line 278: Warning: C2917W: no side effect in void context: 'unary *<expr>'
"w:\AnserCygnoides\YouKu\Source\WidgetLayer\hlabel.c", line 288: Warning: C2870W: variable 'pc_wstr' declared but not used
"w:\AnserCygnoides\YouKu\Source\WidgetLayer\hlabel.c", line 288: Warning: C2870W: variable 'p_par' declared but not used
"w:\AnserCygnoides\YouKu\Source\WidgetLayer\hlabel.c", line 358: Warning: C2870W: variable 'p_parent' declared but not used
w:\AnserCygnoides\YouKu\Source\WidgetLayer\hlabel.c: 6 warnings, 1 error, 0 serious errors

w:\AnserCygnoides\YouKu\Source\WidgetLayer\hlookandfeel.c
"w:\AnserCygnoides\YouKu\Source\WidgetLayer\hwidget.h", line 57: Warning: C2220W: Superfluous ',' in 'enum' declaration
"w:\AnserCygnoides\YouKu\Source\WidgetLayer\hpushbutton.h", line 78: Warning: C2215W: Deprecated declaration hpushbutton_new() - give arg types
"w:\AnserCygnoides\YouKu\Source\WidgetLayer\..\Common\herrorcode.h", line 30: Warning: C2220W: Superfluous ',' in 'enum' declaration
"w:\AnserCygnoides\YouKu\Source\WidgetLayer\..\Common\hlist.h", line 53: Warning: C2215W: Deprecated declaration hlist_new() - give arg types
"w:\AnserCygnoides\YouKu\Source\WidgetLayer\hcontainer.h", line 21: Warning: C2215W: Deprecated declaration hcontainer_new() - give arg types
"w:\AnserCygnoides\YouKu\Source\WidgetLayer\hplane.h", line 18: Warning: C2215W: Deprecated declaration hplane_new() - give arg types
"w:\AnserCygnoides\YouKu\Source\WidgetLayer\hlabel.h", line 88: Warning: C2215W: Deprecated declaration hlabel_new() - give arg types
"w:\AnserCygnoides\YouKu\Source\WidgetLayer\hlookandfeel.c", line 22: Error: C3028E: '=': implicit cast of pointer to non-equal pointer
"w:\AnserCygnoides\YouKu\Source\WidgetLayer\hlookandfeel.c", line 24: Error: C3028E: '=': implicit cast of pointer to non-equal pointer
"w:\AnserCygnoides\YouKu\Source\WidgetLayer\hlookandfeel.c", line 26: Error: C3028E: <argument 1 to 'vm_graphic_fill_rect'>: implicit cast of pointer to non-equal pointer
"w:\AnserCygnoides\YouKu\Source\WidgetLayer\hlookandfeel.c", line 29: Error: C3028E: <argument 1 to 'vm_graphic_blt_ex'>: implicit cast of pointer to non-equal pointer
"w:\AnserCygnoides\YouKu\Source\WidgetLayer\hlookandfeel.c", line 29: Error: C3028E: <argument 4 to 'vm_graphic_blt_ex'>: implicit cast of pointer to non-equal pointer
w:\AnserCygnoides\YouKu\Source\WidgetLayer\hlookandfeel.c: 7 warnings, 5 errors, 0 serious errors

w:\AnserCygnoides\YouKu\Source\WidgetLayer\hplane.c
<<<<<<< HEAD
=======
"w:\AnserCygnoides\YouKu\Source\WidgetLayer\hwidget.h", line 57: Warning: C2220W: Superfluous ',' in 'enum' declaration
"w:\AnserCygnoides\YouKu\Source\WidgetLayer\..\Common\herrorcode.h", line 30: Warning: C2220W: Superfluous ',' in 'enum' declaration
"w:\AnserCygnoides\YouKu\Source\WidgetLayer\..\Common\hlist.h", line 53: Warning: C2215W: Deprecated declaration hlist_new() - give arg types
"w:\AnserCygnoides\YouKu\Source\WidgetLayer\hcontainer.h", line 21: Warning: C2215W: Deprecated declaration hcontainer_new() - give arg types
"w:\AnserCygnoides\YouKu\Source\WidgetLayer\hplane.h", line 18: Warning: C2215W: Deprecated declaration hplane_new() - give arg types
"w:\AnserCygnoides\YouKu\Source\WidgetLayer\..\WindowLayer\..\PageLayer\page.h", line 16: Warning: C2215W: Deprecated declaration page_switch_controller_new() - give arg types
"w:\AnserCygnoides\YouKu\Source\WidgetLayer\..\WindowLayer\hwindow.h", line 20: Warning: C2215W: Deprecated declaration hwindow_init() - give arg types
"w:\AnserCygnoides\YouKu\Source\WidgetLayer\hplane.c", line 22: Warning: C2215W: Deprecated declaration create_hcontainer_ops() - give arg types
"w:\AnserCygnoides\YouKu\Source\WidgetLayer\hplane.c", line 23: Warning: C2215W: Deprecated declaration create_hwidget_ops() - give arg types
"w:\AnserCygnoides\YouKu\Source\WidgetLayer\hplane.c", line 24: Warning: C2215W: Deprecated declaration create_plane_ops() - give arg types
"w:\AnserCygnoides\YouKu\Source\WidgetLayer\hplane.c", line 48: Error: C3028E: '=': implicit cast of pointer to non-equal pointer
w:\AnserCygnoides\YouKu\Source\WidgetLayer\hplane.c: 10 warnings, 1 error, 0 serious errors

>>>>>>> f80d0d445eaf66846a228a82d7a9c713794052cc
w:\AnserCygnoides\YouKu\Source\WidgetLayer\hpopupmenu.c
w:\AnserCygnoides\YouKu\Source\WidgetLayer\hpushbutton.c
"w:\AnserCygnoides\YouKu\Source\WidgetLayer\hwidget.h", line 57: Warning: C2220W: Superfluous ',' in 'enum' declaration
"w:\AnserCygnoides\YouKu\Source\WidgetLayer\hpushbutton.h", line 78: Warning: C2215W: Deprecated declaration hpushbutton_new() - give arg types
"w:\AnserCygnoides\YouKu\Source\WidgetLayer\hpushbutton.c", line 125: Error: C2906E: <argument 2 to function call>: implicit cast of pointer loses 'const' qualifier
"w:\AnserCygnoides\YouKu\Source\WidgetLayer\hpushbutton.c", line 170: Warning: C2870W: variable 'p_this' declared but not used
w:\AnserCygnoides\YouKu\Source\WidgetLayer\hpushbutton.c: 3 warnings, 1 error, 0 serious errors

w:\AnserCygnoides\YouKu\Source\WidgetLayer\hstatusbar.c
w:\AnserCygnoides\YouKu\Source\WidgetLayer\htextarea.c
w:\AnserCygnoides\YouKu\Source\WidgetLayer\htextinput.c
w:\AnserCygnoides\YouKu\Source\WidgetLayer\hwidget.c
w:\AnserCygnoides\YouKu\Source\WindowLayer\hwindow.c
